[2026-04-16T19:06:24.883006] [INFO] [task_20260416185757_2848] 任务开始执行 (max_workers=3)
[2026-04-16T19:06:24.883192] [INFO] [task_20260416185757_2848] 开始执行子任务: task_20260416185757_2848_1 (tool=read_file)
[2026-04-16T19:06:24.883287] [ERROR] [task_20260416185757_2848] 子任务失败: task_20260416185757_2848_1 - 文件不存在: 帮我config目录下的yaml，
[2026-04-16T19:06:24.883335] [WARN] [task_20260416185757_2848] 子任务 task_20260416185757_2848_1 重试 (1/3)
[2026-04-16T19:06:26.883554] [INFO] [task_20260416185757_2848] 开始执行子任务: task_20260416185757_2848_1 (tool=read_file)
[2026-04-16T19:06:26.883751] [ERROR] [task_20260416185757_2848] 子任务失败: task_20260416185757_2848_1 - 文件不存在: 帮我config目录下的yaml，
[2026-04-16T19:06:26.883815] [WARN] [task_20260416185757_2848] 子任务 task_20260416185757_2848_1 重试 (2/3)
[2026-04-16T19:06:30.884042] [INFO] [task_20260416185757_2848] 开始执行子任务: task_20260416185757_2848_1 (tool=read_file)
[2026-04-16T19:06:30.884286] [ERROR] [task_20260416185757_2848] 子任务失败: task_20260416185757_2848_1 - 文件不存在: 帮我config目录下的yaml，
[2026-04-16T19:06:30.884342] [ERROR] [task_20260416185757_2848] 子任务 task_20260416185757_2848_1 失败 (已达最大重试次数)
[2026-04-16T19:06:30.884393] [INFO] [task_20260416185757_2848] 开始执行子任务: task_20260416185757_2848_2 (tool=terminal)
[2026-04-16T19:06:30.889431] [ERROR] [task_20260416185757_2848] 子任务失败: task_20260416185757_2848_2 - /bin/sh: 1: 统计每个文件的行数: not found

[2026-04-16T19:06:30.889483] [WARN] [task_20260416185757_2848] 子任务 task_20260416185757_2848_2 重试 (1/3)
[2026-04-16T19:06:32.889718] [INFO] [task_20260416185757_2848] 开始执行子任务: task_20260416185757_2848_2 (tool=terminal)
[2026-04-16T19:06:32.890922] [ERROR] [task_20260416185757_2848] 子任务失败: task_20260416185757_2848_2 - /bin/sh: 1: 统计每个文件的行数: not found

[2026-04-16T19:06:32.890974] [WARN] [task_20260416185757_2848] 子任务 task_20260416185757_2848_2 重试 (2/3)
[2026-04-16T19:06:36.891205] [INFO] [task_20260416185757_2848] 开始执行子任务: task_20260416185757_2848_2 (tool=terminal)
[2026-04-16T19:06:36.892451] [ERROR] [task_20260416185757_2848] 子任务失败: task_20260416185757_2848_2 - /bin/sh: 1: 统计每个文件的行数: not found

[2026-04-16T19:06:36.892504] [ERROR] [task_20260416185757_2848] 子任务 task_20260416185757_2848_2 失败 (已达最大重试次数)
[2026-04-16T19:06:36.892760] [INFO] [task_20260416185757_2848] 任务执行完成: status=failed, time=12.01秒
[2026-04-16T19:07:03.912454] [INFO] [task_20260416185757_2848] 任务开始执行 (max_workers=3)
[2026-04-16T19:07:03.912584] [INFO] [task_20260416185757_2848] 开始执行子任务: task_20260416185757_2848_1 (tool=read_file)
[2026-04-16T19:07:03.912687] [INFO] [task_20260416185757_2848] 子任务完成: task_20260416185757_2848_1 (0.00秒)
[2026-04-16T19:07:03.912730] [INFO] [task_20260416185757_2848] 开始执行子任务: task_20260416185757_2848_2 (tool=terminal)
[2026-04-16T19:07:03.913865] [ERROR] [task_20260416185757_2848] 子任务失败: task_20260416185757_2848_2 - /bin/sh: 1: 统计每个文件的行数: not found

[2026-04-16T19:07:03.913913] [WARN] [task_20260416185757_2848] 子任务 task_20260416185757_2848_2 重试 (1/3)
[2026-04-16T19:07:05.914215] [INFO] [task_20260416185757_2848] 开始执行子任务: task_20260416185757_2848_2 (tool=terminal)
[2026-04-16T19:07:05.915540] [ERROR] [task_20260416185757_2848] 子任务失败: task_20260416185757_2848_2 - /bin/sh: 1: 统计每个文件的行数: not found

[2026-04-16T19:07:05.915592] [WARN] [task_20260416185757_2848] 子任务 task_20260416185757_2848_2 重试 (2/3)
[2026-04-16T19:07:09.915792] [INFO] [task_20260416185757_2848] 开始执行子任务: task_20260416185757_2848_2 (tool=terminal)
[2026-04-16T19:07:09.917005] [ERROR] [task_20260416185757_2848] 子任务失败: task_20260416185757_2848_2 - /bin/sh: 1: 统计每个文件的行数: not found

[2026-04-16T19:07:09.917072] [ERROR] [task_20260416185757_2848] 子任务 task_20260416185757_2848_2 失败 (已达最大重试次数)
[2026-04-16T19:07:09.917382] [INFO] [task_20260416185757_2848] 任务执行完成: status=failed, time=6.00秒
[2026-04-16T19:07:36.516370] [INFO] [task_20260416190732_2496] 任务开始执行 (max_workers=3)
[2026-04-16T19:07:36.516499] [INFO] [task_20260416190732_2496] 开始执行子任务: task_20260416190732_2496_1 (tool=read_file)
[2026-04-16T19:07:36.516603] [INFO] [task_20260416190732_2496] 子任务完成: task_20260416190732_2496_1 (0.00秒)
[2026-04-16T19:07:36.516777] [INFO] [task_20260416190732_2496] 任务执行完成: status=completed, time=0.00秒
[2026-04-16T19:08:22.016958] [INFO] [task_20260416190817_2320] 任务开始执行 (max_workers=3)
[2026-04-16T19:08:22.017136] [INFO] [task_20260416190817_2320] 开始执行子任务: task_20260416190817_2320_1 (tool=read_file)
[2026-04-16T19:08:22.017234] [ERROR] [task_20260416190817_2320] 子任务失败: task_20260416190817_2320_1 - 文件不存在: scripts目录下的py
[2026-04-16T19:08:22.017273] [WARN] [task_20260416190817_2320] 子任务 task_20260416190817_2320_1 重试 (1/3)
[2026-04-16T19:08:24.017492] [INFO] [task_20260416190817_2320] 开始执行子任务: task_20260416190817_2320_1 (tool=read_file)
[2026-04-16T19:08:24.017717] [ERROR] [task_20260416190817_2320] 子任务失败: task_20260416190817_2320_1 - 文件不存在: scripts目录下的py
[2026-04-16T19:08:24.017779] [WARN] [task_20260416190817_2320] 子任务 task_20260416190817_2320_1 重试 (2/3)
[2026-04-16T19:08:28.017995] [INFO] [task_20260416190817_2320] 开始执行子任务: task_20260416190817_2320_1 (tool=read_file)
[2026-04-16T19:08:28.018222] [ERROR] [task_20260416190817_2320] 子任务失败: task_20260416190817_2320_1 - 文件不存在: scripts目录下的py
[2026-04-16T19:08:28.018286] [ERROR] [task_20260416190817_2320] 子任务 task_20260416190817_2320_1 失败 (已达最大重试次数)
[2026-04-16T19:08:28.018507] [INFO] [task_20260416190817_2320] 任务执行完成: status=failed, time=6.00秒
[2026-04-16T19:08:48.493449] [INFO] [task_20260416190845_912] 任务开始执行 (max_workers=3)
[2026-04-16T19:08:48.493654] [INFO] [task_20260416190845_912] 开始执行子任务: task_20260416190845_912_1 (tool=terminal)
[2026-04-16T19:08:48.497409] [ERROR] [task_20260416190845_912] 子任务失败: task_20260416190845_912_1 - ls: 无法访问 '/home/hermes/.hermes/repos/mochenhermes/列出scripts/': 没有那个文件或目录

[2026-04-16T19:08:48.497479] [WARN] [task_20260416190845_912] 子任务 task_20260416190845_912_1 重试 (1/3)
[2026-04-16T19:08:50.497727] [INFO] [task_20260416190845_912] 开始执行子任务: task_20260416190845_912_1 (tool=terminal)
[2026-04-16T19:08:50.501396] [ERROR] [task_20260416190845_912] 子任务失败: task_20260416190845_912_1 - ls: 无法访问 '/home/hermes/.hermes/repos/mochenhermes/列出scripts/': 没有那个文件或目录

[2026-04-16T19:08:50.501484] [WARN] [task_20260416190845_912] 子任务 task_20260416190845_912_1 重试 (2/3)
[2026-04-16T19:08:54.501701] [INFO] [task_20260416190845_912] 开始执行子任务: task_20260416190845_912_1 (tool=terminal)
[2026-04-16T19:08:54.505138] [ERROR] [task_20260416190845_912] 子任务失败: task_20260416190845_912_1 - ls: 无法访问 '/home/hermes/.hermes/repos/mochenhermes/列出scripts/': 没有那个文件或目录

[2026-04-16T19:08:54.505213] [ERROR] [task_20260416190845_912] 子任务 task_20260416190845_912_1 失败 (已达最大重试次数)
[2026-04-16T19:08:54.505410] [INFO] [task_20260416190845_912] 任务执行完成: status=failed, time=6.01秒
[2026-04-16T19:09:13.510634] [INFO] [task_20260416190845_912] 任务开始执行 (max_workers=3)
[2026-04-16T19:09:13.510779] [INFO] [task_20260416190845_912] 开始执行子任务: task_20260416190845_912_1 (tool=terminal)
[2026-04-16T19:09:13.512929] [INFO] [task_20260416190845_912] 子任务完成: task_20260416190845_912_1 (0.00秒)
[2026-04-16T19:09:13.513552] [INFO] [task_20260416190845_912] 任务执行完成: status=completed, time=0.00秒
[2026-04-16T19:11:18.948320] [INFO] [task_20260416191115_5584] 任务开始执行 (max_workers=3)
[2026-04-16T19:11:18.948506] [INFO] [task_20260416191115_5584] 开始执行子任务: task_20260416191115_5584_1 (tool=read_file)
[2026-04-16T19:11:18.948611] [ERROR] [task_20260416191115_5584] 子任务失败: task_20260416191115_5584_1 - 文件不存在: skills目录有哪些，
[2026-04-16T19:11:18.948693] [WARN] [task_20260416191115_5584] 子任务 task_20260416191115_5584_1 重试 (1/3)
[2026-04-16T19:11:20.948931] [INFO] [task_20260416191115_5584] 开始执行子任务: task_20260416191115_5584_1 (tool=read_file)
[2026-04-16T19:11:20.949122] [ERROR] [task_20260416191115_5584] 子任务失败: task_20260416191115_5584_1 - 文件不存在: skills目录有哪些，
[2026-04-16T19:11:20.949231] [WARN] [task_20260416191115_5584] 子任务 task_20260416191115_5584_1 重试 (2/3)
[2026-04-16T19:11:24.949518] [INFO] [task_20260416191115_5584] 开始执行子任务: task_20260416191115_5584_1 (tool=read_file)
[2026-04-16T19:11:24.949734] [ERROR] [task_20260416191115_5584] 子任务失败: task_20260416191115_5584_1 - 文件不存在: skills目录有哪些，
[2026-04-16T19:11:24.949815] [ERROR] [task_20260416191115_5584] 子任务 task_20260416191115_5584_1 失败 (已达最大重试次数)
[2026-04-16T19:11:24.949878] [INFO] [task_20260416191115_5584] 开始执行子任务: task_20260416191115_5584_2 (tool=terminal)
[2026-04-16T19:11:24.951341] [ERROR] [task_20260416191115_5584] 子任务失败: task_20260416191115_5584_2 - /bin/sh: 1: 统计每个文件的行数: not found

[2026-04-16T19:11:24.951404] [WARN] [task_20260416191115_5584] 子任务 task_20260416191115_5584_2 重试 (1/3)
[2026-04-16T19:11:26.951613] [INFO] [task_20260416191115_5584] 开始执行子任务: task_20260416191115_5584_2 (tool=terminal)
[2026-04-16T19:11:26.952846] [ERROR] [task_20260416191115_5584] 子任务失败: task_20260416191115_5584_2 - /bin/sh: 1: 统计每个文件的行数: not found

[2026-04-16T19:11:26.952899] [WARN] [task_20260416191115_5584] 子任务 task_20260416191115_5584_2 重试 (2/3)
[2026-04-16T19:11:30.953110] [INFO] [task_20260416191115_5584] 开始执行子任务: task_20260416191115_5584_2 (tool=terminal)
[2026-04-16T19:11:30.954494] [ERROR] [task_20260416191115_5584] 子任务失败: task_20260416191115_5584_2 - /bin/sh: 1: 统计每个文件的行数: not found

[2026-04-16T19:11:30.954548] [ERROR] [task_20260416191115_5584] 子任务 task_20260416191115_5584_2 失败 (已达最大重试次数)
[2026-04-16T19:11:30.954771] [INFO] [task_20260416191115_5584] 任务执行完成: status=failed, time=12.01秒
[2026-04-16T19:12:04.744685] [INFO] [task_20260416191157_4352] 任务开始执行 (max_workers=3)
[2026-04-16T19:12:04.744869] [INFO] [task_20260416191157_4352] 开始执行子任务: task_20260416191157_4352_1 (tool=terminal)
[2026-04-16T19:12:04.746069] [ERROR] [task_20260416191157_4352] 子任务失败: task_20260416191157_4352_1 - /bin/sh: 1: 查看skills目录有哪些文件: not found

[2026-04-16T19:12:04.746135] [WARN] [task_20260416191157_4352] 子任务 task_20260416191157_4352_1 重试 (1/3)
[2026-04-16T19:12:06.746392] [INFO] [task_20260416191157_4352] 开始执行子任务: task_20260416191157_4352_1 (tool=terminal)
[2026-04-16T19:12:06.747790] [ERROR] [task_20260416191157_4352] 子任务失败: task_20260416191157_4352_1 - /bin/sh: 1: 查看skills目录有哪些文件: not found

[2026-04-16T19:12:06.747870] [WARN] [task_20260416191157_4352] 子任务 task_20260416191157_4352_1 重试 (2/3)
[2026-04-16T19:12:10.748125] [INFO] [task_20260416191157_4352] 开始执行子任务: task_20260416191157_4352_1 (tool=terminal)
[2026-04-16T19:12:10.749554] [ERROR] [task_20260416191157_4352] 子任务失败: task_20260416191157_4352_1 - /bin/sh: 1: 查看skills目录有哪些文件: not found

[2026-04-16T19:12:10.749642] [ERROR] [task_20260416191157_4352] 子任务 task_20260416191157_4352_1 失败 (已达最大重试次数)
[2026-04-16T19:12:10.749697] [INFO] [task_20260416191157_4352] 开始执行子任务: task_20260416191157_4352_2 (tool=terminal)
[2026-04-16T19:12:10.750752] [ERROR] [task_20260416191157_4352] 子任务失败: task_20260416191157_4352_2 - /bin/sh: 1: 统计每个文件的行数: not found

[2026-04-16T19:12:10.750812] [WARN] [task_20260416191157_4352] 子任务 task_20260416191157_4352_2 重试 (1/3)
[2026-04-16T19:12:12.751028] [INFO] [task_20260416191157_4352] 开始执行子任务: task_20260416191157_4352_2 (tool=terminal)
[2026-04-16T19:12:12.752354] [ERROR] [task_20260416191157_4352] 子任务失败: task_20260416191157_4352_2 - /bin/sh: 1: 统计每个文件的行数: not found

[2026-04-16T19:12:12.752420] [WARN] [task_20260416191157_4352] 子任务 task_20260416191157_4352_2 重试 (2/3)
[2026-04-16T19:12:16.752641] [INFO] [task_20260416191157_4352] 开始执行子任务: task_20260416191157_4352_2 (tool=terminal)
[2026-04-16T19:12:16.753979] [ERROR] [task_20260416191157_4352] 子任务失败: task_20260416191157_4352_2 - /bin/sh: 1: 统计每个文件的行数: not found

[2026-04-16T19:12:16.754041] [ERROR] [task_20260416191157_4352] 子任务 task_20260416191157_4352_2 失败 (已达最大重试次数)
[2026-04-16T19:12:16.754346] [INFO] [task_20260416191157_4352] 任务执行完成: status=failed, time=12.01秒
[2026-04-16T19:14:43.444050] [INFO] [task_20260416191157_4352] 任务开始执行 (max_workers=3)
[2026-04-16T19:14:43.444213] [INFO] [task_20260416191157_4352] 开始执行子任务: task_20260416191157_4352_1 (tool=terminal)
[2026-04-16T19:14:43.445389] [ERROR] [task_20260416191157_4352] 子任务失败: task_20260416191157_4352_1 - /bin/sh: 1: 查看skills目录有哪些文件: not found

[2026-04-16T19:14:43.445449] [WARN] [task_20260416191157_4352] 子任务 task_20260416191157_4352_1 重试 (1/3)
[2026-04-16T19:14:45.445691] [INFO] [task_20260416191157_4352] 开始执行子任务: task_20260416191157_4352_1 (tool=terminal)
[2026-04-16T19:14:45.446979] [ERROR] [task_20260416191157_4352] 子任务失败: task_20260416191157_4352_1 - /bin/sh: 1: 查看skills目录有哪些文件: not found

[2026-04-16T19:14:45.447055] [WARN] [task_20260416191157_4352] 子任务 task_20260416191157_4352_1 重试 (2/3)
[2026-04-16T19:14:49.447292] [INFO] [task_20260416191157_4352] 开始执行子任务: task_20260416191157_4352_1 (tool=terminal)
[2026-04-16T19:14:49.448490] [ERROR] [task_20260416191157_4352] 子任务失败: task_20260416191157_4352_1 - /bin/sh: 1: 查看skills目录有哪些文件: not found

[2026-04-16T19:14:49.448543] [ERROR] [task_20260416191157_4352] 子任务 task_20260416191157_4352_1 失败 (已达最大重试次数)
[2026-04-16T19:14:49.448586] [INFO] [task_20260416191157_4352] 开始执行子任务: task_20260416191157_4352_2 (tool=terminal)
[2026-04-16T19:14:49.450307] [ERROR] [task_20260416191157_4352] 子任务失败: task_20260416191157_4352_2 - 
[2026-04-16T19:14:49.450358] [WARN] [task_20260416191157_4352] 子任务 task_20260416191157_4352_2 重试 (1/3)
[2026-04-16T19:14:51.450580] [INFO] [task_20260416191157_4352] 开始执行子任务: task_20260416191157_4352_2 (tool=terminal)
[2026-04-16T19:14:51.453523] [ERROR] [task_20260416191157_4352] 子任务失败: task_20260416191157_4352_2 - 
[2026-04-16T19:14:51.453600] [WARN] [task_20260416191157_4352] 子任务 task_20260416191157_4352_2 重试 (2/3)
[2026-04-16T19:14:55.453910] [INFO] [task_20260416191157_4352] 开始执行子任务: task_20260416191157_4352_2 (tool=terminal)
[2026-04-16T19:14:55.456605] [ERROR] [task_20260416191157_4352] 子任务失败: task_20260416191157_4352_2 - 
[2026-04-16T19:14:55.456726] [ERROR] [task_20260416191157_4352] 子任务 task_20260416191157_4352_2 失败 (已达最大重试次数)
[2026-04-16T19:14:55.457219] [INFO] [task_20260416191157_4352] 任务执行完成: status=failed, time=12.01秒
[2026-04-16T19:15:42.713263] [INFO] [task_20260416191157_4352] 任务开始执行 (max_workers=3)
[2026-04-16T19:15:42.713404] [INFO] [task_20260416191157_4352] 开始执行子任务: task_20260416191157_4352_1 (tool=terminal)
[2026-04-16T19:15:42.714603] [ERROR] [task_20260416191157_4352] 子任务失败: task_20260416191157_4352_1 - /bin/sh: 1: 查看skills目录有哪些文件: not found

[2026-04-16T19:15:42.714673] [WARN] [task_20260416191157_4352] 子任务 task_20260416191157_4352_1 重试 (1/3)
[2026-04-16T19:15:44.714925] [INFO] [task_20260416191157_4352] 开始执行子任务: task_20260416191157_4352_1 (tool=terminal)
[2026-04-16T19:15:44.716426] [ERROR] [task_20260416191157_4352] 子任务失败: task_20260416191157_4352_1 - /bin/sh: 1: 查看skills目录有哪些文件: not found

[2026-04-16T19:15:44.716511] [WARN] [task_20260416191157_4352] 子任务 task_20260416191157_4352_1 重试 (2/3)
[2026-04-16T19:15:48.716732] [INFO] [task_20260416191157_4352] 开始执行子任务: task_20260416191157_4352_1 (tool=terminal)
[2026-04-16T19:15:48.717940] [ERROR] [task_20260416191157_4352] 子任务失败: task_20260416191157_4352_1 - /bin/sh: 1: 查看skills目录有哪些文件: not found

[2026-04-16T19:15:48.717993] [ERROR] [task_20260416191157_4352] 子任务 task_20260416191157_4352_1 失败 (已达最大重试次数)
[2026-04-16T19:15:48.718036] [INFO] [task_20260416191157_4352] 开始执行子任务: task_20260416191157_4352_2 (tool=terminal)
[2026-04-16T19:15:48.719733] [ERROR] [task_20260416191157_4352] 子任务失败: task_20260416191157_4352_2 - 
[2026-04-16T19:15:48.719781] [WARN] [task_20260416191157_4352] 子任务 task_20260416191157_4352_2 重试 (1/3)
[2026-04-16T19:15:50.719985] [INFO] [task_20260416191157_4352] 开始执行子任务: task_20260416191157_4352_2 (tool=terminal)
[2026-04-16T19:15:50.722251] [ERROR] [task_20260416191157_4352] 子任务失败: task_20260416191157_4352_2 - 
[2026-04-16T19:15:50.722304] [WARN] [task_20260416191157_4352] 子任务 task_20260416191157_4352_2 重试 (2/3)
[2026-04-16T19:15:54.722546] [INFO] [task_20260416191157_4352] 开始执行子任务: task_20260416191157_4352_2 (tool=terminal)
[2026-04-16T19:15:54.725293] [ERROR] [task_20260416191157_4352] 子任务失败: task_20260416191157_4352_2 - 
[2026-04-16T19:15:54.725374] [ERROR] [task_20260416191157_4352] 子任务 task_20260416191157_4352_2 失败 (已达最大重试次数)
[2026-04-16T19:15:54.725707] [INFO] [task_20260416191157_4352] 任务执行完成: status=failed, time=12.01秒
[2026-04-16T19:16:47.809663] [INFO] [task_20260416191157_4352] 任务开始执行 (max_workers=3)
[2026-04-16T19:16:47.809807] [INFO] [task_20260416191157_4352] 开始执行子任务: task_20260416191157_4352_1 (tool=terminal)
[2026-04-16T19:16:47.810980] [ERROR] [task_20260416191157_4352] 子任务失败: task_20260416191157_4352_1 - /bin/sh: 1: 查看skills目录有哪些文件: not found

[2026-04-16T19:16:47.811029] [WARN] [task_20260416191157_4352] 子任务 task_20260416191157_4352_1 重试 (1/3)
[2026-04-16T19:16:49.811260] [INFO] [task_20260416191157_4352] 开始执行子任务: task_20260416191157_4352_1 (tool=terminal)
[2026-04-16T19:16:49.812528] [ERROR] [task_20260416191157_4352] 子任务失败: task_20260416191157_4352_1 - /bin/sh: 1: 查看skills目录有哪些文件: not found

[2026-04-16T19:16:49.812584] [WARN] [task_20260416191157_4352] 子任务 task_20260416191157_4352_1 重试 (2/3)
[2026-04-16T19:16:53.812795] [INFO] [task_20260416191157_4352] 开始执行子任务: task_20260416191157_4352_1 (tool=terminal)
[2026-04-16T19:16:53.814550] [ERROR] [task_20260416191157_4352] 子任务失败: task_20260416191157_4352_1 - /bin/sh: 1: 查看skills目录有哪些文件: not found

[2026-04-16T19:16:53.814632] [ERROR] [task_20260416191157_4352] 子任务 task_20260416191157_4352_1 失败 (已达最大重试次数)
[2026-04-16T19:16:53.814679] [INFO] [task_20260416191157_4352] 开始执行子任务: task_20260416191157_4352_2 (tool=terminal)
[2026-04-16T19:16:53.817070] [ERROR] [task_20260416191157_4352] 子任务失败: task_20260416191157_4352_2 - 
[2026-04-16T19:16:53.817135] [WARN] [task_20260416191157_4352] 子任务 task_20260416191157_4352_2 重试 (1/3)
[2026-04-16T19:16:55.817372] [INFO] [task_20260416191157_4352] 开始执行子任务: task_20260416191157_4352_2 (tool=terminal)
[2026-04-16T19:16:55.819545] [ERROR] [task_20260416191157_4352] 子任务失败: task_20260416191157_4352_2 - 
[2026-04-16T19:16:55.819597] [WARN] [task_20260416191157_4352] 子任务 task_20260416191157_4352_2 重试 (2/3)
[2026-04-16T19:17:00.917293] [INFO] [task_20260416191157_4352] 任务开始执行 (max_workers=3)
[2026-04-16T19:17:00.917428] [INFO] [task_20260416191157_4352] 开始执行子任务: task_20260416191157_4352_1 (tool=terminal)
[2026-04-16T19:17:00.918667] [ERROR] [task_20260416191157_4352] 子任务失败: task_20260416191157_4352_1 - /bin/sh: 1: 查看skills目录有哪些文件: not found

[2026-04-16T19:17:00.918728] [WARN] [task_20260416191157_4352] 子任务 task_20260416191157_4352_1 重试 (1/3)
[2026-04-16T19:17:02.918933] [INFO] [task_20260416191157_4352] 开始执行子任务: task_20260416191157_4352_1 (tool=terminal)
[2026-04-16T19:17:02.920276] [ERROR] [task_20260416191157_4352] 子任务失败: task_20260416191157_4352_1 - /bin/sh: 1: 查看skills目录有哪些文件: not found

[2026-04-16T19:17:02.920334] [WARN] [task_20260416191157_4352] 子任务 task_20260416191157_4352_1 重试 (2/3)
[2026-04-16T19:17:06.920552] [INFO] [task_20260416191157_4352] 开始执行子任务: task_20260416191157_4352_1 (tool=terminal)
[2026-04-16T19:17:06.921839] [ERROR] [task_20260416191157_4352] 子任务失败: task_20260416191157_4352_1 - /bin/sh: 1: 查看skills目录有哪些文件: not found

[2026-04-16T19:17:06.921899] [ERROR] [task_20260416191157_4352] 子任务 task_20260416191157_4352_1 失败 (已达最大重试次数)
[2026-04-16T19:17:06.921949] [INFO] [task_20260416191157_4352] 开始执行子任务: task_20260416191157_4352_2 (tool=terminal)
[2026-04-16T19:17:06.923951] [ERROR] [task_20260416191157_4352] 子任务失败: task_20260416191157_4352_2 - 
[2026-04-16T19:17:06.924007] [WARN] [task_20260416191157_4352] 子任务 task_20260416191157_4352_2 重试 (1/3)
[2026-04-16T19:17:08.924243] [INFO] [task_20260416191157_4352] 开始执行子任务: task_20260416191157_4352_2 (tool=terminal)
[2026-04-16T19:17:08.926703] [ERROR] [task_20260416191157_4352] 子任务失败: task_20260416191157_4352_2 - 
[2026-04-16T19:17:08.926770] [WARN] [task_20260416191157_4352] 子任务 task_20260416191157_4352_2 重试 (2/3)
[2026-04-16T19:17:12.927008] [INFO] [task_20260416191157_4352] 开始执行子任务: task_20260416191157_4352_2 (tool=terminal)
[2026-04-16T19:17:12.929601] [ERROR] [task_20260416191157_4352] 子任务失败: task_20260416191157_4352_2 - 
[2026-04-16T19:17:12.929668] [ERROR] [task_20260416191157_4352] 子任务 task_20260416191157_4352_2 失败 (已达最大重试次数)
[2026-04-16T19:17:12.929931] [INFO] [task_20260416191157_4352] 任务执行完成: status=failed, time=12.01秒
[2026-04-16T19:18:25.232067] [INFO] [task_20260416191157_4352] 任务开始执行 (max_workers=3)
[2026-04-16T19:18:25.232308] [INFO] [task_20260416191157_4352] 开始执行子任务: task_20260416191157_4352_1 (tool=terminal)
[2026-04-16T19:18:25.234551] [INFO] [task_20260416191157_4352] 子任务完成: task_20260416191157_4352_1 (0.00秒)
[2026-04-16T19:18:25.234618] [INFO] [task_20260416191157_4352] 开始执行子任务: task_20260416191157_4352_2 (tool=terminal)
[2026-04-16T19:18:25.236468] [ERROR] [task_20260416191157_4352] 子任务失败: task_20260416191157_4352_2 - 
[2026-04-16T19:18:25.236529] [WARN] [task_20260416191157_4352] 子任务 task_20260416191157_4352_2 重试 (1/3)
[2026-04-16T19:18:27.236743] [INFO] [task_20260416191157_4352] 开始执行子任务: task_20260416191157_4352_2 (tool=terminal)
[2026-04-16T19:18:27.239611] [ERROR] [task_20260416191157_4352] 子任务失败: task_20260416191157_4352_2 - 
[2026-04-16T19:18:27.239696] [WARN] [task_20260416191157_4352] 子任务 task_20260416191157_4352_2 重试 (2/3)
[2026-04-16T19:18:31.239902] [INFO] [task_20260416191157_4352] 开始执行子任务: task_20260416191157_4352_2 (tool=terminal)
[2026-04-16T19:18:31.242334] [ERROR] [task_20260416191157_4352] 子任务失败: task_20260416191157_4352_2 - 
[2026-04-16T19:18:31.242413] [ERROR] [task_20260416191157_4352] 子任务 task_20260416191157_4352_2 失败 (已达最大重试次数)
[2026-04-16T19:18:31.242665] [INFO] [task_20260416191157_4352] 任务执行完成: status=failed, time=6.01秒
[2026-04-16T19:19:19.467736] [INFO] [task_20260416191157_4352] 任务开始执行 (max_workers=3)
[2026-04-16T19:19:19.467875] [INFO] [task_20260416191157_4352] 开始执行子任务: task_20260416191157_4352_1 (tool=terminal)
[2026-04-16T19:19:19.470253] [INFO] [task_20260416191157_4352] 子任务完成: task_20260416191157_4352_1 (0.00秒)
[2026-04-16T19:19:19.470378] [INFO] [task_20260416191157_4352] 开始执行子任务: task_20260416191157_4352_2 (tool=terminal)
[2026-04-16T19:19:19.472507] [INFO] [task_20260416191157_4352] 子任务完成: task_20260416191157_4352_2 (0.00秒)
[2026-04-16T19:19:19.473147] [INFO] [task_20260416191157_4352] 任务执行完成: status=completed, time=0.00秒
